<?xml version="1.0" encoding="UTF-8"?>
<coverage generated="1609873842158" clover="3.2.0">
  <project timestamp="1609873842159" name="All files">
    <metrics statements="32" coveredstatements="32" conditionals="25" coveredconditionals="25" methods="8" coveredmethods="8" elements="65" coveredelements="65" complexity="0" loc="32" ncloc="32" packages="2" files="5" classes="5"/>
    <package name="src">
      <metrics statements="25" coveredstatements="25" conditionals="20" coveredconditionals="20" methods="8" coveredmethods="8"/>
      <file name="index.ts" path="/Users/andredealbuquerque/OSS/useMediaQuery/src/index.ts">
        <metrics statements="1" coveredstatements="1" conditionals="0" coveredconditionals="0" methods="0" coveredmethods="0"/>
        <line num="1" count="2" type="stmt"/>
      </file>
      <file name="useMediaQuery.ts" path="/Users/andredealbuquerque/OSS/useMediaQuery/src/useMediaQuery.ts">
        <metrics statements="24" coveredstatements="24" conditionals="20" coveredconditionals="20" methods="8" coveredmethods="8"/>
        <line num="1" count="2" type="stmt"/>
        <line num="2" count="2" type="stmt"/>
        <line num="3" count="2" type="stmt"/>
        <line num="8" count="11" type="cond" truecount="2" falsecount="0"/>
        <line num="10" count="11" type="cond" truecount="4" falsecount="0"/>
        <line num="11" count="2" type="stmt"/>
        <line num="13" count="9" type="cond" truecount="2" falsecount="0"/>
        <line num="16" count="11" type="stmt"/>
        <line num="18" count="11" type="cond" truecount="2" falsecount="0"/>
        <line num="20" count="11" type="cond" truecount="2" falsecount="0"/>
        <line num="22" count="11" type="stmt"/>
        <line num="25" count="9" type="cond" truecount="2" falsecount="0"/>
        <line num="29" count="3" type="stmt"/>
        <line num="32" count="11" type="stmt"/>
        <line num="33" count="11" type="cond" truecount="2" falsecount="0"/>
        <line num="35" count="8" type="stmt"/>
        <line num="37" count="8" type="stmt"/>
        <line num="47" count="8" type="stmt"/>
        <line num="49" count="8" type="stmt"/>
        <line num="52" count="8" type="stmt"/>
        <line num="53" count="8" type="stmt"/>
        <line num="54" count="8" type="stmt"/>
        <line num="59" count="11" type="stmt"/>
        <line num="62" count="2" type="stmt"/>
      </file>
    </package>
    <package name="src.utils">
      <metrics statements="7" coveredstatements="7" conditionals="5" coveredconditionals="5" methods="0" coveredmethods="0"/>
      <file name="index.ts" path="/Users/andredealbuquerque/OSS/useMediaQuery/src/utils/index.ts">
        <metrics statements="3" coveredstatements="3" conditionals="0" coveredconditionals="0" methods="0" coveredmethods="0"/>
        <line num="1" count="6" type="stmt"/>
        <line num="2" count="6" type="stmt"/>
        <line num="3" count="6" type="stmt"/>
      </file>
      <file name="isBrowser.ts" path="/Users/andredealbuquerque/OSS/useMediaQuery/src/utils/isBrowser.ts">
        <metrics statements="1" coveredstatements="1" conditionals="3" coveredconditionals="3" methods="0" coveredmethods="0"/>
        <line num="1" count="6" type="stmt"/>
      </file>
      <file name="useSafeLayout.ts" path="/Users/andredealbuquerque/OSS/useMediaQuery/src/utils/useSafeLayout.ts">
        <metrics statements="3" coveredstatements="3" conditionals="2" coveredconditionals="2" methods="0" coveredmethods="0"/>
        <line num="1" count="6" type="stmt"/>
        <line num="3" count="6" type="stmt"/>
        <line num="5" count="6" type="stmt"/>
      </file>
    </package>
  </project>
</coverage>
