{"/Users/andredealbuquerque/OSS/useMediaQuery/src/index.ts": {"path":"/Users/andredealbuquerque/OSS/useMediaQuery/src/index.ts","statementMap":{"0":{"start":{"line":1,"column":0},"end":{"line":1,"column":32}}},"fnMap":{},"branchMap":{},"s":{"0":2},"f":{},"b":{}}
,"/Users/andredealbuquerque/OSS/useMediaQuery/src/useMediaQuery.ts": {"path":"/Users/andredealbuquerque/OSS/useMediaQuery/src/useMediaQuery.ts","statementMap":{"0":{"start":{"line":1,"column":0},"end":{"line":1,"column":31}},"1":{"start":{"line":2,"column":0},"end":{"line":2,"column":50}},"2":{"start":{"line":3,"column":0},"end":{"line":3,"column":64}},"3":{"start":{"line":8,"column":15},"end":{"line":8,"column":35}},"4":{"start":{"line":10,"column":2},"end":{"line":14,"column":null}},"5":{"start":{"line":11,"column":4},"end":{"line":11,"column":17}},"6":{"start":{"line":13,"column":4},"end":{"line":13,"column":63}},"7":{"start":{"line":16,"column":16},"end":{"line":16,"column":43}},"8":{"start":{"line":18,"column":16},"end":{"line":18,"column":30}},"9":{"start":{"line":20,"column":22},"end":{"line":20,"column":57}},"10":{"start":{"line":22,"column":32},"end":{"line":29,"column":null}},"11":{"start":{"line":25,"column":10},"end":{"line":25,"column":70}},"12":{"start":{"line":29,"column":25},"end":{"line":29,"column":31}},"13":{"start":{"line":22,"column":16},"end":{"line":22,"column":18}},"14":{"start":{"line":22,"column":28},"end":{"line":22,"column":32}},"15":{"start":{"line":32,"column":2},"end":{"line":57,"column":14}},"16":{"start":{"line":33,"column":4},"end":{"line":33,"column":39}},"17":{"start":{"line":33,"column":22},"end":{"line":33,"column":39}},"18":{"start":{"line":35,"column":27},"end":{"line":35,"column":73}},"19":{"start":{"line":35,"column":48},"end":{"line":35,"column":73}},"20":{"start":{"line":37,"column":25},"end":{"line":50,"column":6}},"21":{"start":{"line":47,"column":6},"end":{"line":47,"column":54}},"22":{"start":{"line":49,"column":6},"end":{"line":49,"column":22}},"23":{"start":{"line":52,"column":4},"end":{"line":56,"column":6}},"24":{"start":{"line":53,"column":6},"end":{"line":55,"column":9}},"25":{"start":{"line":54,"column":8},"end":{"line":54,"column":70}},"26":{"start":{"line":59,"column":2},"end":{"line":59,"column":17}},"27":{"start":{"line":62,"column":9},"end":{"line":62,"column":22}},"28":{"start":{"line":62,"column":41},"end":{"line":62,"column":49}}},"fnMap":{"0":{"name":"useMediaQuery","decl":{"start":{"line":7,"column":9},"end":{"line":7,"column":22}},"loc":{"start":{"line":7,"column":36},"end":{"line":60,"column":1}}},"1":{"name":"(anonymous_1)","decl":{"start":{"line":24,"column":20},"end":{"line":24,"column":21}},"loc":{"start":{"line":24,"column":21},"end":{"line":26,"column":9}}},"2":{"name":"(anonymous_2)","decl":{"start":{"line":29,"column":20},"end":{"line":29,"column":21}},"loc":{"start":{"line":29,"column":21},"end":{"line":29,"column":30}}},"3":{"name":"(anonymous_3)","decl":{"start":{"line":32,"column":22},"end":{"line":32,"column":null}},"loc":{"start":{"line":32,"column":22},"end":{"line":57,"column":3}}},"4":{"name":"(anonymous_4)","decl":{"start":{"line":35,"column":39},"end":{"line":35,"column":44}},"loc":{"start":{"line":35,"column":44},"end":{"line":35,"column":54}}},"5":{"name":"(anonymous_5)","decl":{"start":{"line":37,"column":44},"end":{"line":37,"column":45}},"loc":{"start":{"line":37,"column":62},"end":{"line":50,"column":5}}},"6":{"name":"(anonymous_6)","decl":{"start":{"line":52,"column":11},"end":{"line":52,"column":null}},"loc":{"start":{"line":52,"column":11},"end":{"line":56,"column":5}}},"7":{"name":"(anonymous_7)","decl":{"start":{"line":53,"column":29},"end":{"line":53,"column":30}},"loc":{"start":{"line":53,"column":47},"end":{"line":55,"column":7}}}},"branchMap":{"0":{"loc":{"start":{"line":8,"column":23},"end":{"line":8,"column":28}},"type":"cond-expr","locations":[{"start":{"line":8,"column":23},"end":{"line":8,"column":28}},{"start":{"line":8,"column":31},"end":{"line":8,"column":35}}]},"1":{"loc":{"start":{"line":10,"column":2},"end":{"line":14,"column":null}},"type":"if","locations":[{"start":{"line":10,"column":2},"end":{"line":14,"column":null}},{"start":{"line":10,"column":2},"end":{"line":14,"column":null}}]},"2":{"loc":{"start":{"line":10,"column":6},"end":{"line":10,"column":10}},"type":"binary-expr","locations":[{"start":{"line":10,"column":6},"end":{"line":10,"column":10}},{"start":{"line":10,"column":14},"end":{"line":10,"column":20}}]},"3":{"loc":{"start":{"line":13,"column":37},"end":{"line":13,"column":42}},"type":"cond-expr","locations":[{"start":{"line":13,"column":37},"end":{"line":13,"column":42}},{"start":{"line":13,"column":45},"end":{"line":13,"column":62}}]},"4":{"loc":{"start":{"line":18,"column":16},"end":{"line":18,"column":20}},"type":"binary-expr","locations":[{"start":{"line":18,"column":16},"end":{"line":18,"column":20}},{"start":{"line":18,"column":24},"end":{"line":18,"column":30}}]},"5":{"loc":{"start":{"line":20,"column":22},"end":{"line":20,"column":31}},"type":"binary-expr","locations":[{"start":{"line":20,"column":22},"end":{"line":20,"column":31}},{"start":{"line":20,"column":35},"end":{"line":20,"column":57}}]},"6":{"loc":{"start":{"line":24,"column":8},"end":{"line":26,"column":10}},"type":"cond-expr","locations":[{"start":{"line":24,"column":8},"end":{"line":26,"column":10}},{"start":{"line":27,"column":8},"end":{"line":29,"column":31}}]},"7":{"loc":{"start":{"line":25,"column":31},"end":{"line":25,"column":61}},"type":"cond-expr","locations":[{"start":{"line":25,"column":31},"end":{"line":25,"column":61}},{"start":{"line":25,"column":64},"end":{"line":25,"column":69}}]},"8":{"loc":{"start":{"line":28,"column":8},"end":{"line":28,"column":15}},"type":"cond-expr","locations":[{"start":{"line":28,"column":8},"end":{"line":28,"column":15}},{"start":{"line":29,"column":8},"end":{"line":29,"column":31}}]},"9":{"loc":{"start":{"line":33,"column":4},"end":{"line":33,"column":39}},"type":"if","locations":[{"start":{"line":33,"column":4},"end":{"line":33,"column":39}},{"start":{"line":33,"column":4},"end":{"line":33,"column":39}}]}},"s":{"0":2,"1":2,"2":2,"3":11,"4":11,"5":2,"6":9,"7":11,"8":11,"9":11,"10":11,"11":9,"12":3,"13":11,"14":11,"15":11,"16":11,"17":3,"18":8,"19":8,"20":8,"21":8,"22":8,"23":8,"24":8,"25":8,"26":11,"27":2,"28":2},"f":{"0":11,"1":9,"2":3,"3":11,"4":8,"5":8,"6":8,"7":8},"b":{"0":[9,2],"1":[2,9],"2":[11,2],"3":[2,7],"4":[11,9],"5":[11,8],"6":[7,4],"7":[6,3],"8":[2,2],"9":[3,8]}}
,"/Users/andredealbuquerque/OSS/useMediaQuery/src/utils/index.ts": {"path":"/Users/andredealbuquerque/OSS/useMediaQuery/src/utils/index.ts","statementMap":{"0":{"start":{"line":1,"column":0},"end":{"line":1,"column":28}},"1":{"start":{"line":2,"column":0},"end":{"line":2,"column":24}},"2":{"start":{"line":3,"column":0},"end":{"line":3,"column":32}}},"fnMap":{},"branchMap":{},"s":{"0":6,"1":6,"2":6},"f":{},"b":{}}
,"/Users/andredealbuquerque/OSS/useMediaQuery/src/utils/isBrowser.ts": {"path":"/Users/andredealbuquerque/OSS/useMediaQuery/src/utils/isBrowser.ts","statementMap":{"0":{"start":{"line":1,"column":13},"end":{"line":4,"column":32}}},"fnMap":{},"branchMap":{"0":{"loc":{"start":{"line":2,"column":2},"end":{"line":2,"column":31}},"type":"binary-expr","locations":[{"start":{"line":2,"column":2},"end":{"line":2,"column":31}},{"start":{"line":3,"column":2},"end":{"line":3,"column":17}},{"start":{"line":4,"column":2},"end":{"line":4,"column":31}}]}},"s":{"0":6},"f":{},"b":{"0":[6,3,3]}}
,"/Users/andredealbuquerque/OSS/useMediaQuery/src/utils/useSafeLayout.ts": {"path":"/Users/andredealbuquerque/OSS/useMediaQuery/src/utils/useSafeLayout.ts","statementMap":{"0":{"start":{"line":1,"column":0},"end":{"line":1,"column":40}},"1":{"start":{"line":3,"column":0},"end":{"line":3,"column":31}},"2":{"start":{"line":5,"column":13},"end":{"line":7,"column":20}}},"fnMap":{},"branchMap":{"0":{"loc":{"start":{"line":6,"column":4},"end":{"line":6,"column":25}},"type":"cond-expr","locations":[{"start":{"line":6,"column":4},"end":{"line":6,"column":25}},{"start":{"line":7,"column":4},"end":{"line":7,"column":19}}]}},"s":{"0":6,"1":6,"2":6},"f":{},"b":{"0":[3,3]}}
}
