{"/Users/andredealbuquerque/OSS/useMediaQuery/src/index.ts": {"path":"/Users/andredealbuquerque/OSS/useMediaQuery/src/index.ts","statementMap":{"0":{"start":{"line":1,"column":0},"end":{"line":1,"column":32}}},"fnMap":{},"branchMap":{},"s":{"0":2},"f":{},"b":{}}
,"/Users/andredealbuquerque/OSS/useMediaQuery/src/useMediaQuery.ts": {"path":"/Users/andredealbuquerque/OSS/useMediaQuery/src/useMediaQuery.ts","statementMap":{"0":{"start":{"line":1,"column":0},"end":{"line":1,"column":31}},"1":{"start":{"line":2,"column":0},"end":{"line":2,"column":64}},"2":{"start":{"line":10,"column":2},"end":{"line":10,"column":31}},"3":{"start":{"line":11,"column":2},"end":{"line":13,"column":null}},"4":{"start":{"line":12,"column":4},"end":{"line":12,"column":19}},"5":{"start":{"line":28,"column":18},"end":{"line":28,"column":56}},"6":{"start":{"line":29,"column":22},"end":{"line":29,"column":57}},"7":{"start":{"line":31,"column":32},"end":{"line":34,"column":null}},"8":{"start":{"line":33,"column":6},"end":{"line":33,"column":66}},"9":{"start":{"line":31,"column":16},"end":{"line":31,"column":18}},"10":{"start":{"line":31,"column":28},"end":{"line":31,"column":32}},"11":{"start":{"line":36,"column":2},"end":{"line":36,"column":35}},"12":{"start":{"line":38,"column":2},"end":{"line":63,"column":14}},"13":{"start":{"line":39,"column":4},"end":{"line":39,"column":39}},"14":{"start":{"line":39,"column":22},"end":{"line":39,"column":39}},"15":{"start":{"line":41,"column":27},"end":{"line":41,"column":73}},"16":{"start":{"line":41,"column":48},"end":{"line":41,"column":73}},"17":{"start":{"line":43,"column":25},"end":{"line":56,"column":6}},"18":{"start":{"line":53,"column":6},"end":{"line":53,"column":54}},"19":{"start":{"line":55,"column":6},"end":{"line":55,"column":22}},"20":{"start":{"line":58,"column":4},"end":{"line":62,"column":6}},"21":{"start":{"line":59,"column":6},"end":{"line":61,"column":9}},"22":{"start":{"line":60,"column":8},"end":{"line":60,"column":70}},"23":{"start":{"line":65,"column":2},"end":{"line":65,"column":17}},"24":{"start":{"line":116,"column":24},"end":{"line":116,"column":32}},"25":{"start":{"line":69,"column":2},"end":{"line":69,"column":29}},"26":{"start":{"line":69,"column":14},"end":{"line":69,"column":29}},"27":{"start":{"line":70,"column":2},"end":{"line":72,"column":null}},"28":{"start":{"line":71,"column":4},"end":{"line":71,"column":19}},"29":{"start":{"line":75,"column":22},"end":{"line":75,"column":57}},"30":{"start":{"line":77,"column":32},"end":{"line":82,"column":null}},"31":{"start":{"line":81,"column":6},"end":{"line":81,"column":70}},"32":{"start":{"line":77,"column":16},"end":{"line":77,"column":18}},"33":{"start":{"line":77,"column":28},"end":{"line":77,"column":32}},"34":{"start":{"line":86,"column":2},"end":{"line":111,"column":14}},"35":{"start":{"line":87,"column":4},"end":{"line":87,"column":39}},"36":{"start":{"line":87,"column":22},"end":{"line":87,"column":39}},"37":{"start":{"line":89,"column":27},"end":{"line":89,"column":73}},"38":{"start":{"line":89,"column":48},"end":{"line":89,"column":73}},"39":{"start":{"line":91,"column":25},"end":{"line":104,"column":6}},"40":{"start":{"line":101,"column":6},"end":{"line":101,"column":54}},"41":{"start":{"line":103,"column":6},"end":{"line":103,"column":22}},"42":{"start":{"line":106,"column":4},"end":{"line":110,"column":6}},"43":{"start":{"line":107,"column":6},"end":{"line":109,"column":9}},"44":{"start":{"line":108,"column":8},"end":{"line":108,"column":70}},"45":{"start":{"line":113,"column":2},"end":{"line":113,"column":17}},"46":{"start":{"line":116,"column":9},"end":{"line":116,"column":22}}},"fnMap":{"0":{"name":"useQuery","decl":{"start":{"line":9,"column":9},"end":{"line":9,"column":17}},"loc":{"start":{"line":9,"column":31},"end":{"line":66,"column":1}}},"1":{"name":"(anonymous_1)","decl":{"start":{"line":32,"column":16},"end":{"line":32,"column":17}},"loc":{"start":{"line":32,"column":17},"end":{"line":34,"column":5}}},"2":{"name":"(anonymous_2)","decl":{"start":{"line":38,"column":22},"end":{"line":38,"column":null}},"loc":{"start":{"line":38,"column":22},"end":{"line":63,"column":3}}},"3":{"name":"(anonymous_3)","decl":{"start":{"line":41,"column":39},"end":{"line":41,"column":44}},"loc":{"start":{"line":41,"column":44},"end":{"line":41,"column":54}}},"4":{"name":"(anonymous_4)","decl":{"start":{"line":43,"column":44},"end":{"line":43,"column":45}},"loc":{"start":{"line":43,"column":62},"end":{"line":56,"column":5}}},"5":{"name":"(anonymous_5)","decl":{"start":{"line":58,"column":11},"end":{"line":58,"column":null}},"loc":{"start":{"line":58,"column":11},"end":{"line":62,"column":5}}},"6":{"name":"(anonymous_6)","decl":{"start":{"line":59,"column":29},"end":{"line":59,"column":30}},"loc":{"start":{"line":59,"column":47},"end":{"line":61,"column":7}}},"7":{"name":"useMediaQuery","decl":{"start":{"line":68,"column":9},"end":{"line":68,"column":22}},"loc":{"start":{"line":68,"column":36},"end":{"line":114,"column":1}}},"8":{"name":"(anonymous_8)","decl":{"start":{"line":78,"column":16},"end":{"line":78,"column":21}},"loc":{"start":{"line":78,"column":21},"end":{"line":82,"column":5}}},"9":{"name":"(anonymous_9)","decl":{"start":{"line":86,"column":22},"end":{"line":86,"column":null}},"loc":{"start":{"line":86,"column":22},"end":{"line":111,"column":3}}},"10":{"name":"(anonymous_10)","decl":{"start":{"line":89,"column":39},"end":{"line":89,"column":44}},"loc":{"start":{"line":89,"column":44},"end":{"line":89,"column":54}}},"11":{"name":"(anonymous_11)","decl":{"start":{"line":91,"column":44},"end":{"line":91,"column":45}},"loc":{"start":{"line":91,"column":62},"end":{"line":104,"column":5}}},"12":{"name":"(anonymous_12)","decl":{"start":{"line":106,"column":11},"end":{"line":106,"column":null}},"loc":{"start":{"line":106,"column":11},"end":{"line":110,"column":5}}},"13":{"name":"(anonymous_13)","decl":{"start":{"line":107,"column":29},"end":{"line":107,"column":30}},"loc":{"start":{"line":107,"column":47},"end":{"line":109,"column":7}}}},"branchMap":{"0":{"loc":{"start":{"line":11,"column":2},"end":{"line":13,"column":null}},"type":"if","locations":[{"start":{"line":11,"column":2},"end":{"line":13,"column":null}},{"start":{"line":11,"column":2},"end":{"line":13,"column":null}}]},"1":{"loc":{"start":{"line":28,"column":41},"end":{"line":28,"column":46}},"type":"cond-expr","locations":[{"start":{"line":28,"column":41},"end":{"line":28,"column":46}},{"start":{"line":28,"column":49},"end":{"line":28,"column":56}}]},"2":{"loc":{"start":{"line":29,"column":22},"end":{"line":29,"column":31}},"type":"binary-expr","locations":[{"start":{"line":29,"column":22},"end":{"line":29,"column":31}},{"start":{"line":29,"column":35},"end":{"line":29,"column":57}}]},"3":{"loc":{"start":{"line":33,"column":27},"end":{"line":33,"column":57}},"type":"cond-expr","locations":[{"start":{"line":33,"column":27},"end":{"line":33,"column":57}},{"start":{"line":33,"column":60},"end":{"line":33,"column":65}}]},"4":{"loc":{"start":{"line":39,"column":4},"end":{"line":39,"column":39}},"type":"if","locations":[{"start":{"line":39,"column":4},"end":{"line":39,"column":39}},{"start":{"line":39,"column":4},"end":{"line":39,"column":39}}]},"5":{"loc":{"start":{"line":69,"column":2},"end":{"line":69,"column":29}},"type":"if","locations":[{"start":{"line":69,"column":2},"end":{"line":69,"column":29}},{"start":{"line":69,"column":2},"end":{"line":69,"column":29}}]},"6":{"loc":{"start":{"line":70,"column":2},"end":{"line":72,"column":null}},"type":"if","locations":[{"start":{"line":70,"column":2},"end":{"line":72,"column":null}},{"start":{"line":70,"column":2},"end":{"line":72,"column":null}}]},"7":{"loc":{"start":{"line":70,"column":6},"end":{"line":70,"column":27}},"type":"binary-expr","locations":[{"start":{"line":70,"column":6},"end":{"line":70,"column":27}},{"start":{"line":70,"column":31},"end":{"line":70,"column":56}}]},"8":{"loc":{"start":{"line":75,"column":22},"end":{"line":75,"column":31}},"type":"binary-expr","locations":[{"start":{"line":75,"column":22},"end":{"line":75,"column":31}},{"start":{"line":75,"column":35},"end":{"line":75,"column":57}}]},"9":{"loc":{"start":{"line":81,"column":27},"end":{"line":81,"column":61}},"type":"cond-expr","locations":[{"start":{"line":81,"column":27},"end":{"line":81,"column":61}},{"start":{"line":81,"column":64},"end":{"line":81,"column":69}}]},"10":{"loc":{"start":{"line":87,"column":4},"end":{"line":87,"column":39}},"type":"if","locations":[{"start":{"line":87,"column":4},"end":{"line":87,"column":39}},{"start":{"line":87,"column":4},"end":{"line":87,"column":39}}]}},"s":{"0":2,"1":2,"2":0,"3":0,"4":0,"5":0,"6":0,"7":0,"8":0,"9":0,"10":0,"11":0,"12":0,"13":0,"14":0,"15":0,"16":0,"17":0,"18":0,"19":0,"20":0,"21":0,"22":0,"23":0,"24":2,"25":4,"26":1,"27":3,"28":0,"29":3,"30":3,"31":5,"32":3,"33":3,"34":3,"35":3,"36":2,"37":1,"38":1,"39":1,"40":1,"41":1,"42":1,"43":1,"44":1,"45":3,"46":2},"f":{"0":0,"1":0,"2":0,"3":0,"4":0,"5":0,"6":0,"7":4,"8":5,"9":3,"10":1,"11":1,"12":1,"13":1},"b":{"0":[0,0],"1":[0,0],"2":[0,0],"3":[0,0],"4":[0,0],"5":[1,3],"6":[0,3],"7":[3,2],"8":[3,1],"9":[1,4],"10":[2,1]}}
,"/Users/andredealbuquerque/OSS/useMediaQuery/src/utils/index.ts": {"path":"/Users/andredealbuquerque/OSS/useMediaQuery/src/utils/index.ts","statementMap":{"0":{"start":{"line":1,"column":0},"end":{"line":1,"column":28}},"1":{"start":{"line":2,"column":0},"end":{"line":2,"column":24}},"2":{"start":{"line":3,"column":0},"end":{"line":3,"column":32}}},"fnMap":{},"branchMap":{},"s":{"0":6,"1":6,"2":6},"f":{},"b":{}}
,"/Users/andredealbuquerque/OSS/useMediaQuery/src/utils/isBrowser.ts": {"path":"/Users/andredealbuquerque/OSS/useMediaQuery/src/utils/isBrowser.ts","statementMap":{"0":{"start":{"line":1,"column":13},"end":{"line":4,"column":32}}},"fnMap":{},"branchMap":{"0":{"loc":{"start":{"line":2,"column":2},"end":{"line":2,"column":31}},"type":"binary-expr","locations":[{"start":{"line":2,"column":2},"end":{"line":2,"column":31}},{"start":{"line":3,"column":2},"end":{"line":3,"column":17}},{"start":{"line":4,"column":2},"end":{"line":4,"column":31}}]}},"s":{"0":6},"f":{},"b":{"0":[6,3,3]}}
,"/Users/andredealbuquerque/OSS/useMediaQuery/src/utils/useSafeLayout.ts": {"path":"/Users/andredealbuquerque/OSS/useMediaQuery/src/utils/useSafeLayout.ts","statementMap":{"0":{"start":{"line":1,"column":0},"end":{"line":1,"column":40}},"1":{"start":{"line":3,"column":0},"end":{"line":3,"column":31}},"2":{"start":{"line":5,"column":13},"end":{"line":7,"column":20}}},"fnMap":{},"branchMap":{"0":{"loc":{"start":{"line":6,"column":4},"end":{"line":6,"column":25}},"type":"cond-expr","locations":[{"start":{"line":6,"column":4},"end":{"line":6,"column":25}},{"start":{"line":7,"column":4},"end":{"line":7,"column":19}}]}},"s":{"0":6,"1":6,"2":6},"f":{},"b":{"0":[3,3]}}
}
