TN:
SF:src/index.ts
FNF:0
FNH:0
DA:1,2
LF:1
LH:1
BRF:0
BRH:0
end_of_record
TN:
SF:src/useMediaQuery.ts
FN:9,useQuery
FN:32,(anonymous_1)
FN:38,(anonymous_2)
FN:41,(anonymous_3)
FN:43,(anonymous_4)
FN:58,(anonymous_5)
FN:59,(anonymous_6)
FN:68,useMediaQuery
FN:78,(anonymous_8)
FN:86,(anonymous_9)
FN:89,(anonymous_10)
FN:91,(anonymous_11)
FN:106,(anonymous_12)
FN:107,(anonymous_13)
FNF:14
FNH:7
FNDA:0,useQuery
FNDA:0,(anonymous_1)
FNDA:0,(anonymous_2)
FNDA:0,(anonymous_3)
FNDA:0,(anonymous_4)
FNDA:0,(anonymous_5)
FNDA:0,(anonymous_6)
FNDA:4,useMediaQuery
FNDA:5,(anonymous_8)
FNDA:3,(anonymous_9)
FNDA:1,(anonymous_10)
FNDA:1,(anonymous_11)
FNDA:1,(anonymous_12)
FNDA:1,(anonymous_13)
DA:1,2
DA:2,2
DA:10,0
DA:11,0
DA:12,0
DA:28,0
DA:29,0
DA:31,0
DA:33,0
DA:36,0
DA:38,0
DA:39,0
DA:41,0
DA:43,0
DA:53,0
DA:55,0
DA:58,0
DA:59,0
DA:60,0
DA:65,0
DA:69,4
DA:70,3
DA:71,0
DA:75,3
DA:77,3
DA:81,5
DA:86,3
DA:87,3
DA:89,1
DA:91,1
DA:101,1
DA:103,1
DA:106,1
DA:107,1
DA:108,1
DA:113,3
DA:116,2
LF:37
LH:18
BRDA:11,0,0,0
BRDA:11,0,1,0
BRDA:28,1,0,0
BRDA:28,1,1,0
BRDA:29,2,0,0
BRDA:29,2,1,0
BRDA:33,3,0,0
BRDA:33,3,1,0
BRDA:39,4,0,0
BRDA:39,4,1,0
BRDA:69,5,0,1
BRDA:69,5,1,3
BRDA:70,6,0,0
BRDA:70,6,1,3
BRDA:70,7,0,3
BRDA:70,7,1,2
BRDA:75,8,0,3
BRDA:75,8,1,1
BRDA:81,9,0,1
BRDA:81,9,1,4
BRDA:87,10,0,2
BRDA:87,10,1,1
BRF:22
BRH:11
end_of_record
TN:
SF:src/utils/index.ts
FNF:0
FNH:0
DA:1,6
DA:2,6
DA:3,6
LF:3
LH:3
BRF:0
BRH:0
end_of_record
TN:
SF:src/utils/isBrowser.ts
FNF:0
FNH:0
DA:1,6
LF:1
LH:1
BRDA:2,0,0,6
BRDA:2,0,1,3
BRDA:2,0,2,3
BRF:3
BRH:3
end_of_record
TN:
SF:src/utils/useSafeLayout.ts
FNF:0
FNH:0
DA:1,6
DA:3,6
DA:5,6
LF:3
LH:3
BRDA:6,0,0,3
BRDA:6,0,1,3
BRF:2
BRH:2
end_of_record
