TN:
SF:src/index.ts
FNF:0
FNH:0
DA:1,2
LF:1
LH:1
BRF:0
BRH:0
end_of_record
TN:
SF:src/useMediaQuery.ts
FN:7,useMediaQuery
FN:24,(anonymous_1)
FN:29,(anonymous_2)
FN:32,(anonymous_3)
FN:35,(anonymous_4)
FN:37,(anonymous_5)
FN:52,(anonymous_6)
FN:53,(anonymous_7)
FNF:8
FNH:8
FNDA:11,useMediaQuery
FNDA:9,(anonymous_1)
FNDA:3,(anonymous_2)
FNDA:11,(anonymous_3)
FNDA:8,(anonymous_4)
FNDA:8,(anonymous_5)
FNDA:8,(anonymous_6)
FNDA:8,(anonymous_7)
DA:1,2
DA:2,2
DA:3,2
DA:8,11
DA:10,11
DA:11,2
DA:13,9
DA:16,11
DA:18,11
DA:20,11
DA:22,11
DA:25,9
DA:29,3
DA:32,11
DA:33,11
DA:35,8
DA:37,8
DA:47,8
DA:49,8
DA:52,8
DA:53,8
DA:54,8
DA:59,11
DA:62,2
LF:24
LH:24
BRDA:8,0,0,9
BRDA:8,0,1,2
BRDA:10,1,0,2
BRDA:10,1,1,9
BRDA:10,2,0,11
BRDA:10,2,1,2
BRDA:13,3,0,2
BRDA:13,3,1,7
BRDA:18,4,0,11
BRDA:18,4,1,9
BRDA:20,5,0,11
BRDA:20,5,1,8
BRDA:24,6,0,7
BRDA:24,6,1,4
BRDA:25,7,0,6
BRDA:25,7,1,3
BRDA:28,8,0,2
BRDA:28,8,1,2
BRDA:33,9,0,3
BRDA:33,9,1,8
BRF:20
BRH:20
end_of_record
TN:
SF:src/utils/index.ts
FNF:0
FNH:0
DA:1,6
DA:2,6
DA:3,6
LF:3
LH:3
BRF:0
BRH:0
end_of_record
TN:
SF:src/utils/isBrowser.ts
FNF:0
FNH:0
DA:1,6
LF:1
LH:1
BRDA:2,0,0,6
BRDA:2,0,1,3
BRDA:2,0,2,3
BRF:3
BRH:3
end_of_record
TN:
SF:src/utils/useSafeLayout.ts
FNF:0
FNH:0
DA:1,6
DA:3,6
DA:5,6
LF:3
LH:3
BRDA:6,0,0,3
BRDA:6,0,1,3
BRF:2
BRH:2
end_of_record
